<?xml version="1.0" encoding="UTF-8"?>
<!-- Generated by org.testng.reporters.JUnitReportReporter -->
<testsuite skipped="0" hostname="Varijas-MacBook-Pro.local" name="tests.amazon.HomePageTest" tests="1" failures="0" timestamp="18 Apr 2019 18:24:25 GMT" time="0.000" errors="0">
  <testcase name="doesSomething" time="0.000" classname="tests.amazon.HomePageTest"/>
</testsuite> <!-- tests.amazon.HomePageTest -->
