<?xml version="1.0" encoding="UTF-8"?>
<!-- Generated by org.testng.reporters.JUnitReportReporter -->
<testsuite hostname="Fahims-MacBook-Pro.local" failures="0" tests="1" name="tests.amazon.HomePageTest" time="0.000" errors="0" timestamp="31 Mar 2019 17:16:15 GMT" skipped="0">
  <testcase classname="tests.amazon.HomePageTest" name="doesSomething" time="0.000"/>
</testsuite> <!-- tests.amazon.HomePageTest -->
